<?xml version="1.0" encoding="UTF-8"?>
<testng-results ignored="0" total="1" passed="1" failed="0" skipped="0">
  <reporter-output>
  </reporter-output>
  <suite started-at="2023-12-24T19:50:46 IST" name="Default suite" finished-at="2023-12-24T19:50:46 IST" duration-ms="55">
    <groups>
    </groups>
    <test started-at="2023-12-24T19:50:46 IST" name="Default test" finished-at="2023-12-24T19:50:46 IST" duration-ms="55">
      <class name="Com.Practice.Testng.testngpratice1">
        <test-method is-config="true" signature="pre()[pri:0, instance:Com.Practice.Testng.testngpratice1@293a5bf6]" started-at="2023-12-24T19:50:46 IST" name="pre" finished-at="2023-12-24T19:50:46 IST" duration-ms="8" status="PASS">
          <reporter-output>
          </reporter-output>
        </test-method> <!-- pre -->
        <test-method signature="practise()[pri:0, instance:Com.Practice.Testng.testngpratice1@293a5bf6]" started-at="2023-12-24T19:50:46 IST" name="practise" finished-at="2023-12-24T19:50:46 IST" duration-ms="8" status="PASS">
          <reporter-output>
          </reporter-output>
        </test-method> <!-- practise -->
      </class> <!-- Com.Practice.Testng.testngpratice1 -->
    </test> <!-- Default test -->
  </suite> <!-- Default suite -->
</testng-results>
